2026-04-08 06:32:01,022 INFO o.a.j.u.JMeterUtils: Setting Locale to en_EN
2026-04-08 06:32:01,067 INFO o.a.j.JMeter: Loading user properties from: /home/viper/Downloads/TestingTools/apache-jmeter-5.6.3/bin/user.properties
2026-04-08 06:32:01,069 INFO o.a.j.JMeter: Loading system properties from: /home/viper/Downloads/TestingTools/apache-jmeter-5.6.3/bin/system.properties
2026-04-08 06:32:01,087 INFO o.a.j.JMeter: Copyright (c) 1998-2024 The Apache Software Foundation
2026-04-08 06:32:01,089 INFO o.a.j.JMeter: Version 5.6.3
2026-04-08 06:32:01,089 INFO o.a.j.JMeter: java.version=21.0.10-ea
2026-04-08 06:32:01,093 INFO o.a.j.JMeter: java.vm.name=OpenJDK 64-Bit Server VM
2026-04-08 06:32:01,097 INFO o.a.j.JMeter: os.name=Linux
2026-04-08 06:32:01,097 INFO o.a.j.JMeter: os.arch=amd64
2026-04-08 06:32:01,098 INFO o.a.j.JMeter: os.version=6.16.8+kali-amd64
2026-04-08 06:32:01,099 INFO o.a.j.JMeter: file.encoding=UTF-8
2026-04-08 06:32:01,099 INFO o.a.j.JMeter: java.awt.headless=true
2026-04-08 06:32:01,099 INFO o.a.j.JMeter: Max memory     =1073741824
2026-04-08 06:32:01,099 INFO o.a.j.JMeter: Available Processors =2
2026-04-08 06:32:01,222 INFO o.a.j.JMeter: Default Locale=English (EN)
2026-04-08 06:32:01,223 INFO o.a.j.JMeter: JMeter  Locale=English (EN)
2026-04-08 06:32:01,223 INFO o.a.j.JMeter: JMeterHome=/home/viper/Downloads/TestingTools/apache-jmeter-5.6.3
2026-04-08 06:32:01,223 INFO o.a.j.JMeter: user.dir  =/home/viper/Downloads/AirlineBookig
2026-04-08 06:32:01,223 INFO o.a.j.JMeter: PWD       =/home/viper/Downloads/AirlineBookig
2026-04-08 06:32:01,224 INFO o.a.j.JMeter: IP: 127.0.1.1 Name: VIper FullName: VIper.viperEnt
2026-04-08 06:32:01,383 INFO o.a.j.s.FileServer: Default base='/home/viper/Downloads/AirlineBookig'
2026-04-08 06:32:01,394 INFO o.a.j.s.FileServer: Set new base='/home/viper/Downloads'
2026-04-08 06:32:03,253 INFO o.a.j.s.SaveService: Testplan (JMX) version: 2.2. Testlog (JTL) version: 2.2
2026-04-08 06:32:03,383 INFO o.a.j.s.SaveService: Using SaveService properties version 5.0
2026-04-08 06:32:03,400 INFO o.a.j.s.SaveService: Using SaveService properties file encoding UTF-8
2026-04-08 06:32:03,419 INFO o.a.j.s.SaveService: Loading file: /home/viper/Downloads/simple.jmx
2026-04-08 06:32:03,782 INFO o.a.j.p.h.s.HTTPSamplerBase: Parser for text/html is org.apache.jmeter.protocol.http.parser.LagartoBasedHtmlParser
2026-04-08 06:32:03,782 INFO o.a.j.p.h.s.HTTPSamplerBase: Parser for application/xhtml+xml is org.apache.jmeter.protocol.http.parser.LagartoBasedHtmlParser
2026-04-08 06:32:03,786 INFO o.a.j.p.h.s.HTTPSamplerBase: Parser for application/xml is org.apache.jmeter.protocol.http.parser.LagartoBasedHtmlParser
2026-04-08 06:32:03,786 INFO o.a.j.p.h.s.HTTPSamplerBase: Parser for text/xml is org.apache.jmeter.protocol.http.parser.LagartoBasedHtmlParser
2026-04-08 06:32:03,786 INFO o.a.j.p.h.s.HTTPSamplerBase: Parser for text/vnd.wap.wml is org.apache.jmeter.protocol.http.parser.RegexpHTMLParser
2026-04-08 06:32:03,786 INFO o.a.j.p.h.s.HTTPSamplerBase: Parser for text/css is org.apache.jmeter.protocol.http.parser.CssParser
2026-04-08 06:32:03,823 INFO o.a.j.JMeter: Creating summariser <summary>
2026-04-08 06:32:03,919 INFO o.a.j.e.StandardJMeterEngine: Running the test!
2026-04-08 06:32:03,923 INFO o.a.j.s.SampleEvent: List of sample_variables: []
2026-04-08 06:32:03,924 INFO o.a.j.s.SampleEvent: List of sample_variables: []
2026-04-08 06:32:03,953 INFO o.a.j.e.u.CompoundVariable: Note: Function class names must contain the string: '.functions.'
2026-04-08 06:32:03,956 INFO o.a.j.e.u.CompoundVariable: Note: Function class names must not contain the string: '.gui.'
2026-04-08 06:32:04,230 INFO o.a.j.JMeter: Running test (1775619124230)
2026-04-08 06:32:04,356 INFO o.a.j.e.StandardJMeterEngine: Starting ThreadGroup: 1 : Frontend Users
2026-04-08 06:32:04,357 INFO o.a.j.e.StandardJMeterEngine: Starting 5 threads for group Frontend Users.
2026-04-08 06:32:04,357 INFO o.a.j.e.StandardJMeterEngine: Thread will continue on error
2026-04-08 06:32:04,360 INFO o.a.j.t.ThreadGroup: Starting thread group... number=1 threads=5 ramp-up=1 delayedStart=false
2026-04-08 06:32:04,383 INFO o.a.j.t.ThreadGroup: Started thread group number 1
2026-04-08 06:32:04,384 INFO o.a.j.e.StandardJMeterEngine: All thread groups have been started
2026-04-08 06:32:04,390 INFO o.a.j.t.JMeterThread: Thread started: Frontend Users 1-1
2026-04-08 06:32:04,481 INFO o.a.j.p.h.s.HTTPHCAbstractImpl: Local host = VIper
2026-04-08 06:32:04,501 INFO o.a.j.p.h.s.HTTPHC4Impl: HTTP request retry count = 0
2026-04-08 06:32:04,507 INFO o.a.j.s.SampleResult: Note: Sample TimeStamps are START times
2026-04-08 06:32:04,507 INFO o.a.j.s.SampleResult: sampleresult.default.encoding is set to UTF-8
2026-04-08 06:32:04,508 INFO o.a.j.s.SampleResult: sampleresult.useNanoTime=true
2026-04-08 06:32:04,508 INFO o.a.j.s.SampleResult: sampleresult.nanoThreadSleep=5000
2026-04-08 06:32:04,574 INFO o.a.j.t.JMeterThread: Thread started: Frontend Users 1-2
2026-04-08 06:32:04,776 INFO o.a.j.t.JMeterThread: Thread started: Frontend Users 1-3
2026-04-08 06:32:04,889 INFO o.a.j.t.JMeterThread: Thread is done: Frontend Users 1-1
2026-04-08 06:32:04,889 INFO o.a.j.t.JMeterThread: Thread finished: Frontend Users 1-1
2026-04-08 06:32:04,891 INFO o.a.j.t.JMeterThread: Thread is done: Frontend Users 1-3
2026-04-08 06:32:04,891 INFO o.a.j.t.JMeterThread: Thread finished: Frontend Users 1-3
2026-04-08 06:32:04,898 INFO o.a.j.r.Summariser: summary +      1 in 00:00:01 =    1.5/s Avg:    88 Min:    88 Max:    88 Err:     1 (100.00%) Active: 1 Started: 3 Finished: 2
2026-04-08 06:32:04,899 INFO o.a.j.t.JMeterThread: Thread is done: Frontend Users 1-2
2026-04-08 06:32:04,900 INFO o.a.j.t.JMeterThread: Thread finished: Frontend Users 1-2
2026-04-08 06:32:04,989 INFO o.a.j.t.JMeterThread: Thread started: Frontend Users 1-4
2026-04-08 06:32:05,003 INFO o.a.j.t.JMeterThread: Thread is done: Frontend Users 1-4
2026-04-08 06:32:05,008 INFO o.a.j.t.JMeterThread: Thread finished: Frontend Users 1-4
2026-04-08 06:32:05,188 INFO o.a.j.t.JMeterThread: Thread started: Frontend Users 1-5
2026-04-08 06:32:05,199 INFO o.a.j.t.JMeterThread: Thread is done: Frontend Users 1-5
2026-04-08 06:32:05,201 INFO o.a.j.t.JMeterThread: Thread finished: Frontend Users 1-5
2026-04-08 06:32:05,202 INFO o.a.j.e.StandardJMeterEngine: Notifying test listeners of end of test
2026-04-08 06:32:05,205 INFO o.a.j.r.Summariser: summary +      4 in 00:00:00 =   12.6/s Avg:    45 Min:     2 Max:    91 Err:     4 (100.00%) Active: 0 Started: 5 Finished: 5
2026-04-08 06:32:05,207 INFO o.a.j.r.Summariser: summary =      5 in 00:00:01 =    5.1/s Avg:    54 Min:     2 Max:    91 Err:     5 (100.00%)
